Heap:
 garbage-first heap   total 258048K, used 212985K [0x00000000a0000000, 0x0000000100000000)
  region size 1024K, 46 young (47104K), 4 survivors (4096K)
 Metaspace       used 159578K, capacity 162884K, committed 163072K, reserved 1191936K
  class space    used 19548K, capacity 20797K, committed 20864K, reserved 1048576K
GC Heap History (20 events):
Event: 177.724 GC heap before
{Heap before GC invocations=123 (full 0):
 garbage-first heap   total 258048K, used 223783K [0x00000000a0000000, 0x0000000100000000)
  region size 1024K, 83 young (84992K), 6 survivors (6144K)
 Metaspace       used 135797K, capacity 138289K, committed 138368K, reserved 1171456K
  class space    used 16124K, capacity 17093K, committed 17152K, reserved 1048576K
}
Event: 177.730 GC heap after
{Heap after GC invocations=124 (full 0):
 garbage-first heap   total 258048K, used 136120K [0x00000000a0000000, 0x0000000100000000)
  region size 1024K, 2 young (2048K), 2 survivors (2048K)
 Metaspace       used 135797K, capacity 138289K, committed 138368K, reserved 1171456K
  class space    used 16124K, capacity 17093K, committed 17152K, reserved 1048576K
}
Event: 178.301 GC heap before
{Heap before GC invocations=124 (full 0):
 garbage-first heap   total 258048K, used 228280K [0x00000000a0000000, 0x0000000100000000)
  region size 1024K, 85 young (87040K), 2 survivors (2048K)
 Metaspace       used 135797K, capacity 138289K, committed 138368K, reserved 1171456K
  class space    used 16124K, capacity 17093K, committed 17152K, reserved 1048576K
}
Event: 178.306 GC heap after
{Heap after GC invocations=125 (full 0):
 garbage-first heap   total 258048K, used 136202K [0x00000000a0000000, 0x0000000100000000)
  region size 1024K, 2 young (2048K), 2 survivors (2048K)
 Metaspace       used 135797K, capacity 138289K, committed 138368K, reserved 1171456K
  class space    used 16124K, capacity 17093K, committed 17152K, reserved 1048576K
}
Event: 179.006 GC heap before
{Heap before GC invocations=125 (full 0):
 garbage-first heap   total 258048K, used 221194K [0x00000000a0000000, 0x0000000100000000)
  region size 1024K, 85 young (87040K), 2 survivors (2048K)
 Metaspace       used 135798K, capacity 138289K, committed 138368K, reserved 1171456K
  class space    used 16124K, capacity 17093K, committed 17152K, reserved 1048576K
}
Event: 179.011 GC heap after
{Heap after GC invocations=126 (full 0):
 garbage-first heap   total 258048K, used 135988K [0x00000000a0000000, 0x0000000100000000)
  region size 1024K, 2 young (2048K), 2 survivors (2048K)
 Metaspace       used 135798K, capacity 138289K, committed 138368K, reserved 1171456K
  class space    used 16124K, capacity 17093K, committed 17152K, reserved 1048576K
}
Event: 180.118 GC heap before
{Heap before GC invocations=126 (full 0):
 garbage-first heap   total 258048K, used 227124K [0x00000000a0000000, 0x0000000100000000)
  region size 1024K, 86 young (88064K), 2 survivors (2048K)
 Metaspace       used 140134K, capacity 142690K, committed 142848K, reserved 1175552K
  class space    used 16725K, capacity 17686K, committed 17792K, reserved 1048576K
}
Event: 180.125 GC heap after
{Heap after GC invocations=127 (full 0):
 garbage-first heap   total 258048K, used 136707K [0x00000000a0000000, 0x0000000100000000)
  region size 1024K, 3 young (3072K), 3 survivors (3072K)
 Metaspace       used 140134K, capacity 142690K, committed 142848K, reserved 1175552K
  class space    used 16725K, capacity 17686K, committed 17792K, reserved 1048576K
}
Event: 180.900 GC heap before
{Heap before GC invocations=127 (full 0):
 garbage-first heap   total 258048K, used 227843K [0x00000000a0000000, 0x0000000100000000)
  region size 1024K, 87 young (89088K), 3 survivors (3072K)
 Metaspace       used 140947K, capacity 143548K, committed 143744K, reserved 1175552K
  class space    used 16805K, capacity 17802K, committed 17920K, reserved 1048576K
}
Event: 180.917 GC heap after
{Heap after GC invocations=128 (full 0):
 garbage-first heap   total 258048K, used 155057K [0x00000000a0000000, 0x0000000100000000)
  region size 1024K, 11 young (11264K), 11 survivors (11264K)
 Metaspace       used 140947K, capacity 143548K, committed 143744K, reserved 1175552K
  class space    used 16805K, capacity 17802K, committed 17920K, reserved 1048576K
}
Event: 182.595 GC heap before
{Heap before GC invocations=128 (full 0):
 garbage-first heap   total 258048K, used 219569K [0x00000000a0000000, 0x0000000100000000)
  region size 1024K, 74 young (75776K), 11 survivors (11264K)
 Metaspace       used 142644K, capacity 145293K, committed 145408K, reserved 1177600K
  class space    used 16995K, capacity 17999K, committed 18048K, reserved 1048576K
}
Event: 182.612 GC heap after
{Heap after GC invocations=129 (full 0):
 garbage-first heap   total 258048K, used 159926K [0x00000000a0000000, 0x0000000100000000)
  region size 1024K, 6 young (6144K), 6 survivors (6144K)
 Metaspace       used 142644K, capacity 145293K, committed 145408K, reserved 1177600K
  class space    used 16995K, capacity 17999K, committed 18048K, reserved 1048576K
}
Event: 184.062 GC heap before
{Heap before GC invocations=129 (full 0):
 garbage-first heap   total 258048K, used 221366K [0x00000000a0000000, 0x0000000100000000)
  region size 1024K, 66 young (67584K), 6 survivors (6144K)
 Metaspace       used 145420K, capacity 148189K, committed 148480K, reserved 1179648K
  class space    used 17406K, capacity 18450K, committed 18560K, reserved 1048576K
}
Event: 184.072 GC heap after
{Heap after GC invocations=130 (full 0):
 garbage-first heap   total 258048K, used 163739K [0x00000000a0000000, 0x0000000100000000)
  region size 1024K, 9 young (9216K), 9 survivors (9216K)
 Metaspace       used 145420K, capacity 148189K, committed 148480K, reserved 1179648K
  class space    used 17406K, capacity 18450K, committed 18560K, reserved 1048576K
}
Event: 186.015 GC heap before
{Heap before GC invocations=130 (full 0):
 garbage-first heap   total 258048K, used 222107K [0x00000000a0000000, 0x0000000100000000)
  region size 1024K, 66 young (67584K), 9 survivors (9216K)
 Metaspace       used 149693K, capacity 152445K, committed 152704K, reserved 1183744K
  class space    used 18111K, capacity 19132K, committed 19200K, reserved 1048576K
}
Event: 186.028 GC heap after
{Heap after GC invocations=131 (full 0):
 garbage-first heap   total 258048K, used 168276K [0x00000000a0000000, 0x0000000100000000)
  region size 1024K, 9 young (9216K), 9 survivors (9216K)
 Metaspace       used 149693K, capacity 152445K, committed 152704K, reserved 1183744K
  class space    used 18111K, capacity 19132K, committed 19200K, reserved 1048576K
}
Event: 187.880 GC heap before
{Heap before GC invocations=131 (full 0):
 garbage-first heap   total 258048K, used 221524K [0x00000000a0000000, 0x0000000100000000)
  region size 1024K, 61 young (62464K), 9 survivors (9216K)
 Metaspace       used 152464K, capacity 155454K, committed 155520K, reserved 1185792K
  class space    used 18530K, capacity 19669K, committed 19712K, reserved 1048576K
}
Event: 187.893 GC heap after
{Heap after GC invocations=132 (full 0):
 garbage-first heap   total 258048K, used 167654K [0x00000000a0000000, 0x0000000100000000)
  region size 1024K, 5 young (5120K), 5 survivors (5120K)
 Metaspace       used 152464K, capacity 155454K, committed 155520K, reserved 1185792K
  class space    used 18530K, capacity 19669K, committed 19712K, reserved 1048576K
}
Event: 190.253 GC heap before
{Heap before GC invocations=132 (full 0):
 garbage-first heap   total 258048K, used 220902K [0x00000000a0000000, 0x0000000100000000)
  region size 1024K, 57 young (58368K), 5 survivors (5120K)
 Metaspace       used 157233K, capacity 160293K, committed 160384K, reserved 1189888K
  class space    used 19220K, capacity 20411K, committed 20480K, reserved 1048576K
}
Event: 190.262 GC heap after
{Heap after GC invocations=133 (full 0):
 garbage-first heap   total 258048K, used 171001K [0x00000000a0000000, 0x0000000100000000)
  region size 1024K, 4 young (4096K), 4 survivors (4096K)
 Metaspace       used 157233K, capacity 160293K, committed 160384K, reserved 1189888K
  class space    used 19220K, capacity 20411K, committed 20480K, reserved 1048576K
}

