# JRE version: OpenJDK Runtime Environment (11.0.12+7) (build 11.0.12+7-b1504.28-7817840)
# Java VM: OpenJDK 64-Bit Server VM (11.0.12+7-b1504.28-7817840, mixed mode, tiered, compressed oops, g1 gc, windows-amd64)
Heap:
 garbage-first heap   total 131072K, used 32899K [0x00000000a0000000, 0x0000000100000000)
  region size 1024K, 18 young (18432K), 2 survivors (2048K)
 Metaspace       used 22251K, capacity 22757K, committed 22908K, reserved 1069056K
  class space    used 2792K, capacity 3001K, committed 3072K, reserved 1048576K
GC Heap History (6 events):
Event: 2.868 GC heap before
{Heap before GC invocations=0 (full 0):
 garbage-first heap   total 131072K, used 29696K [0x00000000a0000000, 0x0000000100000000)
  region size 1024K, 24 young (24576K), 0 survivors (0K)
 Metaspace       used 10152K, capacity 10337K, committed 10624K, reserved 1058816K
  class space    used 1052K, capacity 1108K, committed 1152K, reserved 1048576K
}
Event: 2.988 GC heap after
{Heap after GC invocations=1 (full 0):
 garbage-first heap   total 131072K, used 9481K [0x00000000a0000000, 0x0000000100000000)
  region size 1024K, 3 young (3072K), 3 survivors (3072K)
 Metaspace       used 10152K, capacity 10337K, committed 10624K, reserved 1058816K
  class space    used 1052K, capacity 1108K, committed 1152K, reserved 1048576K
}
Event: 7.701 GC heap before
{Heap before GC invocations=1 (full 0):
 garbage-first heap   total 131072K, used 84233K [0x00000000a0000000, 0x0000000100000000)
  region size 1024K, 76 young (77824K), 3 survivors (3072K)
 Metaspace       used 17543K, capacity 17821K, committed 18176K, reserved 1064960K
  class space    used 2055K, capacity 2179K, committed 2304K, reserved 1048576K
}
Event: 7.763 GC heap after
{Heap after GC invocations=2 (full 0):
 garbage-first heap   total 131072K, used 16591K [0x00000000a0000000, 0x0000000100000000)
  region size 1024K, 10 young (10240K), 10 survivors (10240K)
 Metaspace       used 17543K, capacity 17821K, committed 18176K, reserved 1064960K
  class space    used 2055K, capacity 2179K, committed 2304K, reserved 1048576K
}
Event: 8.801 GC heap before
{Heap before GC invocations=2 (full 0):
 garbage-first heap   total 131072K, used 43215K [0x00000000a0000000, 0x0000000100000000)
  region size 1024K, 37 young (37888K), 10 survivors (10240K)
 Metaspace       used 20686K, capacity 21170K, committed 21296K, reserved 1069056K
  class space    used 2513K, capacity 2661K, committed 2688K, reserved 1048576K
}
Event: 8.820 GC heap after
{Heap after GC invocations=3 (full 0):
 garbage-first heap   total 131072K, used 17539K [0x00000000a0000000, 0x0000000100000000)
  region size 1024K, 2 young (2048K), 2 survivors (2048K)
 Metaspace       used 20686K, capacity 21170K, committed 21296K, reserved 1069056K
  class space    used 2513K, capacity 2661K, committed 2688K, reserved 1048576K
}

